<?xml version="1.0" encoding="UTF-8"?>
<!-- Generated by org.testng.reporters.JUnitReportReporter -->
<testsuite hostname="Dineshkumar" failures="0" tests="3" name="testng.Testng_Test" time="2.507" errors="0" timestamp="2024-07-09T14:39:01 IST" skipped="0">
  <testcase classname="testng.Testng_Test" name="login" time="0.613"/>
  <testcase classname="testng.Testng_Test" name="login" time="0.683"/>
  <testcase classname="testng.Testng_Test" name="login" time="1.211"/>
</testsuite> <!-- testng.Testng_Test -->
